<?xml version="1.0" encoding="UTF-8"?>
<testng-results ignored="0" total="1" passed="1" failed="0" skipped="0">
  <reporter-output>
    <line>
      <![CDATA[open Browser]]>
    </line>
    <line>
      <![CDATA[login]]>
    </line>
    <line>
      <![CDATA[CreateCustomer]]>
    </line>
    <line>
      <![CDATA[Customer successfully created =HDFC_001]]>
    </line>
    <line>
      <![CDATA[logout]]>
    </line>
    <line>
      <![CDATA[close Browser]]>
    </line>
  </reporter-output>
  <suite started-at="2022-04-26T12:06:47 IST" name="Default suite" finished-at="2022-04-26T12:07:05 IST" duration-ms="17953">
    <groups>
    </groups>
    <test started-at="2022-04-26T12:06:47 IST" name="Default test" finished-at="2022-04-26T12:07:05 IST" duration-ms="17953">
      <class name="com.actitime.testscripts.CustomerModule">
        <test-method is-config="true" signature="openBrowser()[pri:0, instance:com.actitime.testscripts.CustomerModule@5d7148e2]" started-at="2022-04-26T12:06:47 IST" name="openBrowser" finished-at="2022-04-26T12:06:49 IST" duration-ms="1921" status="PASS">
          <reporter-output>
            <line>
              <![CDATA[open Browser]]>
            </line>
          </reporter-output>
        </test-method> <!-- openBrowser -->
        <test-method is-config="true" signature="login()[pri:0, instance:com.actitime.testscripts.CustomerModule@5d7148e2]" started-at="2022-04-26T12:06:49 IST" name="login" finished-at="2022-04-26T12:06:55 IST" duration-ms="5583" status="PASS">
          <reporter-output>
            <line>
              <![CDATA[login]]>
            </line>
          </reporter-output>
        </test-method> <!-- login -->
        <test-method signature="testCreateCustomer()[pri:0, instance:com.actitime.testscripts.CustomerModule@5d7148e2]" started-at="2022-04-26T12:06:55 IST" name="testCreateCustomer" finished-at="2022-04-26T12:07:02 IST" duration-ms="7633" status="PASS">
          <reporter-output>
            <line>
              <![CDATA[CreateCustomer]]>
            </line>
            <line>
              <![CDATA[Customer successfully created =HDFC_001]]>
            </line>
          </reporter-output>
        </test-method> <!-- testCreateCustomer -->
        <test-method is-config="true" signature="logout()[pri:0, instance:com.actitime.testscripts.CustomerModule@5d7148e2]" started-at="2022-04-26T12:07:02 IST" name="logout" finished-at="2022-04-26T12:07:05 IST" duration-ms="2650" status="PASS">
          <reporter-output>
            <line>
              <![CDATA[logout]]>
            </line>
          </reporter-output>
        </test-method> <!-- logout -->
        <test-method is-config="true" signature="closeBrowser()[pri:0, instance:com.actitime.testscripts.CustomerModule@5d7148e2]" started-at="2022-04-26T12:07:05 IST" name="closeBrowser" finished-at="2022-04-26T12:07:05 IST" duration-ms="118" status="PASS">
          <reporter-output>
            <line>
              <![CDATA[close Browser]]>
            </line>
          </reporter-output>
        </test-method> <!-- closeBrowser -->
      </class> <!-- com.actitime.testscripts.CustomerModule -->
    </test> <!-- Default test -->
  </suite> <!-- Default suite -->
</testng-results>
